<?xml version="1.0" encoding="UTF-8"?>
<testsuite xmlns:xsi="http://www.w3.org/2001/XMLSchema-instance" xsi:noNamespaceSchemaLocation="https://maven.apache.org/surefire/maven-surefire-plugin/xsd/surefire-test-report.xsd" name="TestSuite" time="29.224" tests="5" errors="0" skipped="4" failures="1">
  <properties>
    <property name="gopherProxySet" value="false"/>
    <property name="awt.toolkit" value="sun.lwawt.macosx.LWCToolkit"/>
    <property name="file.encoding.pkg" value="sun.io"/>
    <property name="java.specification.version" value="1.8"/>
    <property name="sun.cpu.isalist" value=""/>
    <property name="sun.jnu.encoding" value="UTF-8"/>
    <property name="java.class.path" value="/Users/2359id/developments/office/POM-Template-Android/target/test-classes:/Users/2359id/developments/office/POM-Template-Android/target/classes:/Users/2359id/.m2/repository/org/testng/testng/6.14.3/testng-6.14.3.jar:/Users/2359id/.m2/repository/com/beust/jcommander/1.72/jcommander-1.72.jar:/Users/2359id/.m2/repository/org/apache-extras/beanshell/bsh/2.0b6/bsh-2.0b6.jar:/Users/2359id/.m2/repository/io/appium/java-client/7.0.0/java-client-7.0.0.jar:/Users/2359id/.m2/repository/org/seleniumhq/selenium/selenium-api/3.141.59/selenium-api-3.141.59.jar:/Users/2359id/.m2/repository/com/google/code/gson/gson/2.8.5/gson-2.8.5.jar:/Users/2359id/.m2/repository/org/apache/httpcomponents/httpclient/4.5.6/httpclient-4.5.6.jar:/Users/2359id/.m2/repository/org/apache/httpcomponents/httpcore/4.4.10/httpcore-4.4.10.jar:/Users/2359id/.m2/repository/commons-logging/commons-logging/1.2/commons-logging-1.2.jar:/Users/2359id/.m2/repository/commons-codec/commons-codec/1.10/commons-codec-1.10.jar:/Users/2359id/.m2/repository/cglib/cglib/3.2.8/cglib-3.2.8.jar:/Users/2359id/.m2/repository/org/ow2/asm/asm/6.2.1/asm-6.2.1.jar:/Users/2359id/.m2/repository/org/apache/ant/ant/1.10.3/ant-1.10.3.jar:/Users/2359id/.m2/repository/org/apache/ant/ant-launcher/1.10.3/ant-launcher-1.10.3.jar:/Users/2359id/.m2/repository/commons-validator/commons-validator/1.6/commons-validator-1.6.jar:/Users/2359id/.m2/repository/commons-beanutils/commons-beanutils/1.9.2/commons-beanutils-1.9.2.jar:/Users/2359id/.m2/repository/commons-digester/commons-digester/1.8.1/commons-digester-1.8.1.jar:/Users/2359id/.m2/repository/commons-collections/commons-collections/3.2.2/commons-collections-3.2.2.jar:/Users/2359id/.m2/repository/org/apache/commons/commons-lang3/3.8/commons-lang3-3.8.jar:/Users/2359id/.m2/repository/org/springframework/spring-context/5.1.0.RELEASE/spring-context-5.1.0.RELEASE.jar:/Users/2359id/.m2/repository/org/springframework/spring-aop/5.1.0.RELEASE/spring-aop-5.1.0.RELEASE.jar:/Users/2359id/.m2/repository/org/springframework/spring-beans/5.1.0.RELEASE/spring-beans-5.1.0.RELEASE.jar:/Users/2359id/.m2/repository/org/springframework/spring-core/5.1.0.RELEASE/spring-core-5.1.0.RELEASE.jar:/Users/2359id/.m2/repository/org/springframework/spring-jcl/5.1.0.RELEASE/spring-jcl-5.1.0.RELEASE.jar:/Users/2359id/.m2/repository/org/springframework/spring-expression/5.1.0.RELEASE/spring-expression-5.1.0.RELEASE.jar:/Users/2359id/.m2/repository/org/aspectj/aspectjweaver/1.9.1/aspectjweaver-1.9.1.jar:/Users/2359id/.m2/repository/org/slf4j/slf4j-api/1.7.25/slf4j-api-1.7.25.jar:/Users/2359id/.m2/repository/org/seleniumhq/selenium/selenium-java/3.141.59/selenium-java-3.141.59.jar:/Users/2359id/.m2/repository/org/seleniumhq/selenium/selenium-chrome-driver/3.141.59/selenium-chrome-driver-3.141.59.jar:/Users/2359id/.m2/repository/org/seleniumhq/selenium/selenium-edge-driver/3.141.59/selenium-edge-driver-3.141.59.jar:/Users/2359id/.m2/repository/org/seleniumhq/selenium/selenium-firefox-driver/3.141.59/selenium-firefox-driver-3.141.59.jar:/Users/2359id/.m2/repository/org/seleniumhq/selenium/selenium-ie-driver/3.141.59/selenium-ie-driver-3.141.59.jar:/Users/2359id/.m2/repository/org/seleniumhq/selenium/selenium-opera-driver/3.141.59/selenium-opera-driver-3.141.59.jar:/Users/2359id/.m2/repository/org/seleniumhq/selenium/selenium-remote-driver/3.141.59/selenium-remote-driver-3.141.59.jar:/Users/2359id/.m2/repository/org/seleniumhq/selenium/selenium-safari-driver/3.141.59/selenium-safari-driver-3.141.59.jar:/Users/2359id/.m2/repository/net/bytebuddy/byte-buddy/1.8.15/byte-buddy-1.8.15.jar:/Users/2359id/.m2/repository/org/apache/commons/commons-exec/1.3/commons-exec-1.3.jar:/Users/2359id/.m2/repository/com/google/guava/guava/25.0-jre/guava-25.0-jre.jar:/Users/2359id/.m2/repository/com/google/code/findbugs/jsr305/1.3.9/jsr305-1.3.9.jar:/Users/2359id/.m2/repository/org/checkerframework/checker-compat-qual/2.0.0/checker-compat-qual-2.0.0.jar:/Users/2359id/.m2/repository/com/google/errorprone/error_prone_annotations/2.1.3/error_prone_annotations-2.1.3.jar:/Users/2359id/.m2/repository/com/google/j2objc/j2objc-annotations/1.1/j2objc-annotations-1.1.jar:/Users/2359id/.m2/repository/org/codehaus/mojo/animal-sniffer-annotations/1.14/animal-sniffer-annotations-1.14.jar:/Users/2359id/.m2/repository/com/squareup/okhttp3/okhttp/3.11.0/okhttp-3.11.0.jar:/Users/2359id/.m2/repository/com/squareup/okio/okio/1.14.0/okio-1.14.0.jar:/Users/2359id/.m2/repository/org/seleniumhq/selenium/selenium-server/3.141.59/selenium-server-3.141.59.jar:/Users/2359id/.m2/repository/net/jcip/jcip-annotations/1.0/jcip-annotations-1.0.jar:/Users/2359id/.m2/repository/org/seleniumhq/selenium/jetty-repacked/9.4.12.v20180830/jetty-repacked-9.4.12.v20180830.jar:/Users/2359id/.m2/repository/javax/servlet/javax.servlet-api/3.1.0/javax.servlet-api-3.1.0.jar:/Users/2359id/.m2/repository/org/yaml/snakeyaml/1.19/snakeyaml-1.19.jar:/Users/2359id/.m2/repository/org/seleniumhq/selenium/selenium-support/3.141.59/selenium-support-3.141.59.jar:/Users/2359id/.m2/repository/commons-io/commons-io/2.6/commons-io-2.6.jar:/Users/2359id/.m2/repository/com/googlecode/json-simple/json-simple/1.1.1/json-simple-1.1.1.jar:/Users/2359id/.m2/repository/junit/junit/4.10/junit-4.10.jar:/Users/2359id/.m2/repository/org/hamcrest/hamcrest-core/1.1/hamcrest-core-1.1.jar:/Users/2359id/.m2/repository/org/apache/maven/surefire/surefire-testng-utils/2.20.1/surefire-testng-utils-2.20.1.jar:/Users/2359id/.m2/repository/org/apache/maven/surefire/surefire-grouper/2.20.1/surefire-grouper-2.20.1.jar:"/>
    <property name="java.vm.vendor" value="Azul Systems, Inc."/>
    <property name="sun.arch.data.model" value="64"/>
    <property name="java.vendor.url" value="http://www.azulsystems.com/"/>
    <property name="user.timezone" value=""/>
    <property name="java.vm.specification.version" value="1.8"/>
    <property name="os.name" value="Mac OS X"/>
    <property name="user.country" value="ID"/>
    <property name="sun.java.launcher" value="SUN_STANDARD"/>
    <property name="sun.boot.library.path" value="/Users/2359id/.sdkman/candidates/java/8.0.202-zulu/jre/lib"/>
    <property name="sun.java.command" value="/Users/2359id/developments/office/POM-Template-Android/target/surefire/surefirebooter2754614577958281583.jar /Users/2359id/developments/office/POM-Template-Android/target/surefire 2019-08-30T09-52-07_590-jvmRun1 surefire3595590400881697468tmp surefire_06362343151728461114tmp"/>
    <property name="http.nonProxyHosts" value="local|*.local|169.254/16|*.169.254/16"/>
    <property name="surefire.test.class.path" value="/Users/2359id/developments/office/POM-Template-Android/target/test-classes:/Users/2359id/developments/office/POM-Template-Android/target/classes:/Users/2359id/.m2/repository/org/testng/testng/6.14.3/testng-6.14.3.jar:/Users/2359id/.m2/repository/com/beust/jcommander/1.72/jcommander-1.72.jar:/Users/2359id/.m2/repository/org/apache-extras/beanshell/bsh/2.0b6/bsh-2.0b6.jar:/Users/2359id/.m2/repository/io/appium/java-client/7.0.0/java-client-7.0.0.jar:/Users/2359id/.m2/repository/org/seleniumhq/selenium/selenium-api/3.141.59/selenium-api-3.141.59.jar:/Users/2359id/.m2/repository/com/google/code/gson/gson/2.8.5/gson-2.8.5.jar:/Users/2359id/.m2/repository/org/apache/httpcomponents/httpclient/4.5.6/httpclient-4.5.6.jar:/Users/2359id/.m2/repository/org/apache/httpcomponents/httpcore/4.4.10/httpcore-4.4.10.jar:/Users/2359id/.m2/repository/commons-logging/commons-logging/1.2/commons-logging-1.2.jar:/Users/2359id/.m2/repository/commons-codec/commons-codec/1.10/commons-codec-1.10.jar:/Users/2359id/.m2/repository/cglib/cglib/3.2.8/cglib-3.2.8.jar:/Users/2359id/.m2/repository/org/ow2/asm/asm/6.2.1/asm-6.2.1.jar:/Users/2359id/.m2/repository/org/apache/ant/ant/1.10.3/ant-1.10.3.jar:/Users/2359id/.m2/repository/org/apache/ant/ant-launcher/1.10.3/ant-launcher-1.10.3.jar:/Users/2359id/.m2/repository/commons-validator/commons-validator/1.6/commons-validator-1.6.jar:/Users/2359id/.m2/repository/commons-beanutils/commons-beanutils/1.9.2/commons-beanutils-1.9.2.jar:/Users/2359id/.m2/repository/commons-digester/commons-digester/1.8.1/commons-digester-1.8.1.jar:/Users/2359id/.m2/repository/commons-collections/commons-collections/3.2.2/commons-collections-3.2.2.jar:/Users/2359id/.m2/repository/org/apache/commons/commons-lang3/3.8/commons-lang3-3.8.jar:/Users/2359id/.m2/repository/org/springframework/spring-context/5.1.0.RELEASE/spring-context-5.1.0.RELEASE.jar:/Users/2359id/.m2/repository/org/springframework/spring-aop/5.1.0.RELEASE/spring-aop-5.1.0.RELEASE.jar:/Users/2359id/.m2/repository/org/springframework/spring-beans/5.1.0.RELEASE/spring-beans-5.1.0.RELEASE.jar:/Users/2359id/.m2/repository/org/springframework/spring-core/5.1.0.RELEASE/spring-core-5.1.0.RELEASE.jar:/Users/2359id/.m2/repository/org/springframework/spring-jcl/5.1.0.RELEASE/spring-jcl-5.1.0.RELEASE.jar:/Users/2359id/.m2/repository/org/springframework/spring-expression/5.1.0.RELEASE/spring-expression-5.1.0.RELEASE.jar:/Users/2359id/.m2/repository/org/aspectj/aspectjweaver/1.9.1/aspectjweaver-1.9.1.jar:/Users/2359id/.m2/repository/org/slf4j/slf4j-api/1.7.25/slf4j-api-1.7.25.jar:/Users/2359id/.m2/repository/org/seleniumhq/selenium/selenium-java/3.141.59/selenium-java-3.141.59.jar:/Users/2359id/.m2/repository/org/seleniumhq/selenium/selenium-chrome-driver/3.141.59/selenium-chrome-driver-3.141.59.jar:/Users/2359id/.m2/repository/org/seleniumhq/selenium/selenium-edge-driver/3.141.59/selenium-edge-driver-3.141.59.jar:/Users/2359id/.m2/repository/org/seleniumhq/selenium/selenium-firefox-driver/3.141.59/selenium-firefox-driver-3.141.59.jar:/Users/2359id/.m2/repository/org/seleniumhq/selenium/selenium-ie-driver/3.141.59/selenium-ie-driver-3.141.59.jar:/Users/2359id/.m2/repository/org/seleniumhq/selenium/selenium-opera-driver/3.141.59/selenium-opera-driver-3.141.59.jar:/Users/2359id/.m2/repository/org/seleniumhq/selenium/selenium-remote-driver/3.141.59/selenium-remote-driver-3.141.59.jar:/Users/2359id/.m2/repository/org/seleniumhq/selenium/selenium-safari-driver/3.141.59/selenium-safari-driver-3.141.59.jar:/Users/2359id/.m2/repository/net/bytebuddy/byte-buddy/1.8.15/byte-buddy-1.8.15.jar:/Users/2359id/.m2/repository/org/apache/commons/commons-exec/1.3/commons-exec-1.3.jar:/Users/2359id/.m2/repository/com/google/guava/guava/25.0-jre/guava-25.0-jre.jar:/Users/2359id/.m2/repository/com/google/code/findbugs/jsr305/1.3.9/jsr305-1.3.9.jar:/Users/2359id/.m2/repository/org/checkerframework/checker-compat-qual/2.0.0/checker-compat-qual-2.0.0.jar:/Users/2359id/.m2/repository/com/google/errorprone/error_prone_annotations/2.1.3/error_prone_annotations-2.1.3.jar:/Users/2359id/.m2/repository/com/google/j2objc/j2objc-annotations/1.1/j2objc-annotations-1.1.jar:/Users/2359id/.m2/repository/org/codehaus/mojo/animal-sniffer-annotations/1.14/animal-sniffer-annotations-1.14.jar:/Users/2359id/.m2/repository/com/squareup/okhttp3/okhttp/3.11.0/okhttp-3.11.0.jar:/Users/2359id/.m2/repository/com/squareup/okio/okio/1.14.0/okio-1.14.0.jar:/Users/2359id/.m2/repository/org/seleniumhq/selenium/selenium-server/3.141.59/selenium-server-3.141.59.jar:/Users/2359id/.m2/repository/net/jcip/jcip-annotations/1.0/jcip-annotations-1.0.jar:/Users/2359id/.m2/repository/org/seleniumhq/selenium/jetty-repacked/9.4.12.v20180830/jetty-repacked-9.4.12.v20180830.jar:/Users/2359id/.m2/repository/javax/servlet/javax.servlet-api/3.1.0/javax.servlet-api-3.1.0.jar:/Users/2359id/.m2/repository/org/yaml/snakeyaml/1.19/snakeyaml-1.19.jar:/Users/2359id/.m2/repository/org/seleniumhq/selenium/selenium-support/3.141.59/selenium-support-3.141.59.jar:/Users/2359id/.m2/repository/commons-io/commons-io/2.6/commons-io-2.6.jar:/Users/2359id/.m2/repository/com/googlecode/json-simple/json-simple/1.1.1/json-simple-1.1.1.jar:/Users/2359id/.m2/repository/junit/junit/4.10/junit-4.10.jar:/Users/2359id/.m2/repository/org/hamcrest/hamcrest-core/1.1/hamcrest-core-1.1.jar:/Users/2359id/.m2/repository/org/apache/maven/surefire/surefire-testng-utils/2.20.1/surefire-testng-utils-2.20.1.jar:/Users/2359id/.m2/repository/org/apache/maven/surefire/surefire-grouper/2.20.1/surefire-grouper-2.20.1.jar:"/>
    <property name="sun.cpu.endian" value="little"/>
    <property name="user.home" value="/Users/2359id"/>
    <property name="user.language" value="en"/>
    <property name="java.specification.vendor" value="Oracle Corporation"/>
    <property name="java.home" value="/Users/2359id/.sdkman/candidates/java/8.0.202-zulu/jre"/>
    <property name="basedir" value="/Users/2359id/developments/office/POM-Template-Android"/>
    <property name="file.separator" value="/"/>
    <property name="line.separator" value="&#10;"/>
    <property name="java.vm.specification.vendor" value="Oracle Corporation"/>
    <property name="java.specification.name" value="Java Platform API Specification"/>
    <property name="java.awt.graphicsenv" value="sun.awt.CGraphicsEnvironment"/>
    <property name="surefire.real.class.path" value="/Users/2359id/developments/office/POM-Template-Android/target/surefire/surefirebooter2754614577958281583.jar"/>
    <property name="sun.boot.class.path" value="/Users/2359id/.sdkman/candidates/java/8.0.202-zulu/jre/lib/resources.jar:/Users/2359id/.sdkman/candidates/java/8.0.202-zulu/jre/lib/rt.jar:/Users/2359id/.sdkman/candidates/java/8.0.202-zulu/jre/lib/sunrsasign.jar:/Users/2359id/.sdkman/candidates/java/8.0.202-zulu/jre/lib/jsse.jar:/Users/2359id/.sdkman/candidates/java/8.0.202-zulu/jre/lib/jce.jar:/Users/2359id/.sdkman/candidates/java/8.0.202-zulu/jre/lib/charsets.jar:/Users/2359id/.sdkman/candidates/java/8.0.202-zulu/jre/lib/jfr.jar:/Users/2359id/.sdkman/candidates/java/8.0.202-zulu/jre/classes"/>
    <property name="sun.management.compiler" value="HotSpot 64-Bit Tiered Compilers"/>
    <property name="ftp.nonProxyHosts" value="local|*.local|169.254/16|*.169.254/16"/>
    <property name="java.runtime.version" value="1.8.0_202-b05"/>
    <property name="user.name" value="2359id"/>
    <property name="path.separator" value=":"/>
    <property name="os.version" value="10.14.4"/>
    <property name="java.endorsed.dirs" value="/Users/2359id/.sdkman/candidates/java/8.0.202-zulu/jre/lib/endorsed"/>
    <property name="java.runtime.name" value="OpenJDK Runtime Environment"/>
    <property name="file.encoding" value="UTF-8"/>
    <property name="java.vm.name" value="OpenJDK 64-Bit Server VM"/>
    <property name="localRepository" value="/Users/2359id/.m2/repository"/>
    <property name="java.vendor.url.bug" value="http://www.azulsystems.com/support/"/>
    <property name="java.io.tmpdir" value="/var/folders/bk/w8007rwd44q4yl58cj7whmhw0000gn/T/"/>
    <property name="java.version" value="1.8.0_202"/>
    <property name="user.dir" value="/Users/2359id/developments/office/POM-Template-Android"/>
    <property name="os.arch" value="x86_64"/>
    <property name="java.vm.specification.name" value="Java Virtual Machine Specification"/>
    <property name="java.awt.printerjob" value="sun.lwawt.macosx.CPrinterJob"/>
    <property name="sun.os.patch.level" value="unknown"/>
    <property name="java.library.path" value="/Users/2359id/Library/Java/Extensions:/Library/Java/Extensions:/Network/Library/Java/Extensions:/System/Library/Java/Extensions:/usr/lib/java:."/>
    <property name="java.vm.info" value="mixed mode"/>
    <property name="java.vendor" value="Azul Systems, Inc."/>
    <property name="java.vm.version" value="25.202-b05"/>
    <property name="java.ext.dirs" value="/Users/2359id/Library/Java/Extensions:/Users/2359id/.sdkman/candidates/java/8.0.202-zulu/jre/lib/ext:/Library/Java/Extensions:/Network/Library/Java/Extensions:/System/Library/Java/Extensions:/usr/lib/java"/>
    <property name="sun.io.unicode.encoding" value="UnicodeBig"/>
    <property name="java.class.version" value="52.0"/>
    <property name="socksNonProxyHosts" value="local|*.local|169.254/16|*.169.254/16"/>
  </properties>
  <testcase name="setup" classname="com.media2359.tests.a_Authentication" time="28.737">
    <failure message="Unable to create a new remote session. Please check the server log for more details. Original error: An unknown server-side error occurred while processing the command. Original error: Could not find a connected Android device.&#10;Build info: version: &apos;3.141.59&apos;, revision: &apos;e82be7d358&apos;, time: &apos;2018-11-14T08:17:03&apos;&#10;System info: host: &apos;2359s-MacBook-Pro.local&apos;, ip: &apos;fe80:0:0:0:10f4:9e46:81fb:214d%en0&apos;, os.name: &apos;Mac OS X&apos;, os.arch: &apos;x86_64&apos;, os.version: &apos;10.14.4&apos;, java.version: &apos;1.8.0_202&apos;&#10;Driver info: driver.version: AndroidDriver&#10;remote stacktrace: UnknownError: An unknown server-side error occurred while processing the command. Original error: Could not find a connected Android device.&#10;    at getResponseForW3CError (/usr/local/lib/node_modules/appium/node_modules/appium-base-driver/lib/protocol/errors.js:826:9)&#10;    at asyncHandler (/usr/local/lib/node_modules/appium/node_modules/appium-base-driver/lib/protocol/protocol.js:447:37)&#10;Build info: version: &apos;3.141.59&apos;, revision: &apos;e82be7d358&apos;, time: &apos;2018-11-14T08:17:03&apos;&#10;System info: host: &apos;2359s-MacBook-Pro.local&apos;, ip: &apos;fe80:0:0:0:10f4:9e46:81fb:214d%en0&apos;, os.name: &apos;Mac OS X&apos;, os.arch: &apos;x86_64&apos;, os.version: &apos;10.14.4&apos;, java.version: &apos;1.8.0_202&apos;&#10;Driver info: driver.version: AndroidDriver" type="org.openqa.selenium.SessionNotCreatedException">org.openqa.selenium.SessionNotCreatedException: 
Unable to create a new remote session. Please check the server log for more details. Original error: An unknown server-side error occurred while processing the command. Original error: Could not find a connected Android device.
Build info: version: '3.141.59', revision: 'e82be7d358', time: '2018-11-14T08:17:03'
System info: host: '2359s-MacBook-Pro.local', ip: 'fe80:0:0:0:10f4:9e46:81fb:214d%en0', os.name: 'Mac OS X', os.arch: 'x86_64', os.version: '10.14.4', java.version: '1.8.0_202'
Driver info: driver.version: AndroidDriver
remote stacktrace: UnknownError: An unknown server-side error occurred while processing the command. Original error: Could not find a connected Android device.
    at getResponseForW3CError (/usr/local/lib/node_modules/appium/node_modules/appium-base-driver/lib/protocol/errors.js:826:9)
    at asyncHandler (/usr/local/lib/node_modules/appium/node_modules/appium-base-driver/lib/protocol/protocol.js:447:37)
Build info: version: '3.141.59', revision: 'e82be7d358', time: '2018-11-14T08:17:03'
System info: host: '2359s-MacBook-Pro.local', ip: 'fe80:0:0:0:10f4:9e46:81fb:214d%en0', os.name: 'Mac OS X', os.arch: 'x86_64', os.version: '10.14.4', java.version: '1.8.0_202'
Driver info: driver.version: AndroidDriver
Caused by: java.lang.reflect.InvocationTargetException
Caused by: org.openqa.selenium.WebDriverException: 
An unknown server-side error occurred while processing the command. Original error: Could not find a connected Android device.
Build info: version: '3.141.59', revision: 'e82be7d358', time: '2018-11-14T08:17:03'
System info: host: '2359s-MacBook-Pro.local', ip: 'fe80:0:0:0:10f4:9e46:81fb:214d%en0', os.name: 'Mac OS X', os.arch: 'x86_64', os.version: '10.14.4', java.version: '1.8.0_202'
Driver info: driver.version: AndroidDriver
remote stacktrace: UnknownError: An unknown server-side error occurred while processing the command. Original error: Could not find a connected Android device.
    at getResponseForW3CError (/usr/local/lib/node_modules/appium/node_modules/appium-base-driver/lib/protocol/errors.js:826:9)
    at asyncHandler (/usr/local/lib/node_modules/appium/node_modules/appium-base-driver/lib/protocol/protocol.js:447:37)
</failure>
    <system-out><![CDATA[Appium Server already running on Port – 4723
Connection refused (Connection refused)
Appium Server not running on Port – 4728
Start Appium Server on Port – 4728
&amp#27;[35m[Appium]&amp#27;[39m Welcome to Appium v1.13.0
&amp#27;[35m[Appium]&amp#27;[39m Non-default server args:
&amp#27;[35m[Appium]&amp#27;[39m   port: 4728
&amp#27;[35m[Appium]&amp#27;[39m Appium REST http interface listener started on 0.0.0.0:4728
&amp#27;[35m[HTTP]&amp#27;[39m &amp#27;[37m-->&amp#27;[39m &amp#27;[37mGET&amp#27;[39m &amp#27;[37m/wd/hub/status&amp#27;[39m
&amp#27;[35m[HTTP]&amp#27;[39m &amp#27;[90m{}&amp#27;[39m
[debug] &amp#27;[35m[GENERIC]&amp#27;[39m Calling AppiumDriver.getStatus() with args: []
[debug] &amp#27;[35m[GENERIC]&amp#27;[39m Responding to client with driver.getStatus() result: {"build":{"version":"1.13.0"}}
&amp#27;[35m[HTTP]&amp#27;[39m &amp#27;[37m<-- GET /wd/hub/status &amp#27;[39m&amp#27;[32m200&amp#27;[39m &amp#27;[90m27 ms - 68&amp#27;[39m
&amp#27;[35m[HTTP]&amp#27;[39m &amp#27;[90m&amp#27;[39m
Inside initDriver method
&amp#27;[35m[HTTP]&amp#27;[39m &amp#27;[37m-->&amp#27;[39m &amp#27;[37mPOST&amp#27;[39m &amp#27;[37m/wd/hub/session&amp#27;[39m
&amp#27;[35m[HTTP]&amp#27;[39m &amp#27;[90m{"desiredCapabilities":{"appActivity":"com.media2359.juztalent.activity.SplashActivity","appPackage":"com.media2359.juztalent","noReset":"false","automationName":"UiAutomator2","autoGrantPermissions":true,"skipUnlock":"true","platformName":"Android","deviceName":"ce11171b201b4c1005"},"capabilities":{"firstMatch":[{"appium:appActivity":"com.media2359.juztalent.activity.SplashActivity","appium:appPackage":"com.media2359.juztalent","appium:autoGrantPermissions":true,"appium:automationName":"UiAutomator2","appium:deviceName":"ce11171b201b4c1005","appium:noReset":"false","platformName":"android","skipUnlock":"true"}]}}&amp#27;[39m
[debug] &amp#27;[35m[W3C]&amp#27;[39m Calling AppiumDriver.createSession() with args: [{"appActivity":"com.media2359.juztalent.activity.SplashActivity","appPackage":"com.media2359.juztalent","noReset":"false","automationName":"UiAutomator2","autoGrantPermissions":true,"skipUnlock":"true","platformName":"Android","deviceName":"ce11171b201b4c1005"},null,{"firstMatch":[{"appium:appActivity":"com.media2359.juztalent.activity.SplashActivity","appium:appPackage":"com.media2359.juztalent","appium:autoGrantPermissions":true,"appium:automationName":"UiAutomator2","appium:deviceName":"ce11171b201b4c1005","appium:noReset":"false","platformName":"android","skipUnlock":"true"}]}]
[debug] &amp#27;[35m[BaseDriver]&amp#27;[39m Event 'newSessionRequested' logged at 1567133535404 (09:52:15 GMT+0700 (Western Indonesia Time))
&amp#27;[35m[BaseDriver]&amp#27;[39m The capabilities ["skipUnlock"] are not standard capabilities and should have an extension prefix
&amp#27;[35m[Appium]&amp#27;[39m Appium v1.13.0 creating new AndroidUiautomator2Driver (v1.33.1) session
&amp#27;[35m[Appium]&amp#27;[39m Capabilities:
&amp#27;[35m[Appium]&amp#27;[39m   platformName: android
&amp#27;[35m[Appium]&amp#27;[39m   skipUnlock: true
&amp#27;[35m[Appium]&amp#27;[39m   appActivity: com.media2359.juztalent.activity.SplashActivity
&amp#27;[35m[Appium]&amp#27;[39m   appPackage: com.media2359.juztalent
&amp#27;[35m[Appium]&amp#27;[39m   autoGrantPermissions: true
&amp#27;[35m[Appium]&amp#27;[39m   automationName: UiAutomator2
&amp#27;[35m[Appium]&amp#27;[39m   deviceName: ce11171b201b4c1005
&amp#27;[35m[Appium]&amp#27;[39m   noReset: false
[debug] &amp#27;[35m[BaseDriver]&amp#27;[39m W3C capabilities {"alwaysMatch":{"platformNa... and MJSONWP desired capabilities {"appActivity":"com.media23... were provided
[debug] &amp#27;[35m[BaseDriver]&amp#27;[39m Creating session with W3C capabilities: {"alwaysMatch":{"platformNa...
&amp#27;[35m[BaseDriver]&amp#27;[39m Capability 'noReset' changed from string to boolean. This may cause unexpected behavior
&amp#27;[35m[BaseDriver]&amp#27;[39m Capability 'skipUnlock' changed from string to boolean. This may cause unexpected behavior
&amp#27;[35m[BaseDriver]&amp#27;[39m Session created with session id: 6aee0a1d-1ff8-45f5-84ae-b784d5b715e0
&amp#27;[35m[ADB]&amp#27;[39m Found 1 'build-tools' folders under '/Users/2359id/Library/Android/sdk' (newest first):
&amp#27;[35m[ADB]&amp#27;[39m     /Users/2359id/Library/Android/sdk/build-tools/28.0.3
&amp#27;[35m[ADB]&amp#27;[39m Using 'adb' from '/Users/2359id/Library/Android/sdk/platform-tools/adb'
&amp#27;[35m[AndroidDriver]&amp#27;[39m Retrieving device list
[debug] &amp#27;[35m[ADB]&amp#27;[39m Trying to find a connected android device
[debug] &amp#27;[35m[ADB]&amp#27;[39m Getting connected devices...
[debug] &amp#27;[35m[ADB]&amp#27;[39m 0 device(s) connected
[debug] &amp#27;[35m[ADB]&amp#27;[39m Could not find devices, restarting adb server...
[debug] &amp#27;[35m[ADB]&amp#27;[39m Restarting adb
[debug] &amp#27;[35m[ADB]&amp#27;[39m Killing adb server on port 5037
[debug] &amp#27;[35m[ADB]&amp#27;[39m Getting connected devices...
[debug] &amp#27;[35m[ADB]&amp#27;[39m 0 device(s) connected
[debug] &amp#27;[35m[ADB]&amp#27;[39m Could not find devices, restarting adb server...
[debug] &amp#27;[35m[ADB]&amp#27;[39m Restarting adb
[debug] &amp#27;[35m[ADB]&amp#27;[39m Killing adb server on port 5037
[debug] &amp#27;[35m[ADB]&amp#27;[39m Getting connected devices...
[debug] &amp#27;[35m[ADB]&amp#27;[39m 0 device(s) connected
[debug] &amp#27;[35m[ADB]&amp#27;[39m Could not find devices, restarting adb server...
[debug] &amp#27;[35m[ADB]&amp#27;[39m Restarting adb
[debug] &amp#27;[35m[ADB]&amp#27;[39m Killing adb server on port 5037
[debug] &amp#27;[35m[ADB]&amp#27;[39m Getting connected devices...
[debug] &amp#27;[35m[ADB]&amp#27;[39m 0 device(s) connected
[debug] &amp#27;[35m[ADB]&amp#27;[39m Could not find devices, restarting adb server...
[debug] &amp#27;[35m[ADB]&amp#27;[39m Restarting adb
[debug] &amp#27;[35m[ADB]&amp#27;[39m Killing adb server on port 5037
[debug] &amp#27;[35m[ADB]&amp#27;[39m Getting connected devices...
[debug] &amp#27;[35m[ADB]&amp#27;[39m 0 device(s) connected
[debug] &amp#27;[35m[ADB]&amp#27;[39m Could not find devices, restarting adb server...
[debug] &amp#27;[35m[ADB]&amp#27;[39m Restarting adb
[debug] &amp#27;[35m[ADB]&amp#27;[39m Killing adb server on port 5037
[debug] &amp#27;[35m[ADB]&amp#27;[39m Getting connected devices...
[debug] &amp#27;[35m[ADB]&amp#27;[39m 0 device(s) connected
[debug] &amp#27;[35m[ADB]&amp#27;[39m Could not find devices, restarting adb server...
[debug] &amp#27;[35m[ADB]&amp#27;[39m Restarting adb
[debug] &amp#27;[35m[ADB]&amp#27;[39m Killing adb server on port 5037
[debug] &amp#27;[35m[ADB]&amp#27;[39m Could not find devices, restarting adb server...
[debug] &amp#27;[35m[ADB]&amp#27;[39m Restarting adb
[debug] &amp#27;[35m[ADB]&amp#27;[39m Killing adb server on port 5037
[debug] &amp#27;[35m[ADB]&amp#27;[39m Could not find devices, restarting adb server...
[debug] &amp#27;[35m[ADB]&amp#27;[39m Restarting adb
[debug] &amp#27;[35m[ADB]&amp#27;[39m Killing adb server on port 5037
[debug] &amp#27;[35m[ADB]&amp#27;[39m Could not find devices, restarting adb server...
[debug] &amp#27;[35m[ADB]&amp#27;[39m Restarting adb
[debug] &amp#27;[35m[ADB]&amp#27;[39m Killing adb server on port 5037
[debug] &amp#27;[35m[ADB]&amp#27;[39m Could not find devices, restarting adb server...
[debug] &amp#27;[35m[ADB]&amp#27;[39m Restarting adb
[debug] &amp#27;[35m[ADB]&amp#27;[39m Killing adb server on port 5037
[debug] &amp#27;[35m[ADB]&amp#27;[39m Could not find devices, restarting adb server...
[debug] &amp#27;[35m[ADB]&amp#27;[39m Restarting adb
[debug] &amp#27;[35m[ADB]&amp#27;[39m Killing adb server on port 5037
[debug] &amp#27;[35m[ADB]&amp#27;[39m Could not find devices, restarting adb server...
[debug] &amp#27;[35m[ADB]&amp#27;[39m Restarting adb
[debug] &amp#27;[35m[ADB]&amp#27;[39m Killing adb server on port 5037
[debug] &amp#27;[35m[UiAutomator2]&amp#27;[39m Deleting UiAutomator2 session
[debug] &amp#27;[35m[BaseDriver]&amp#27;[39m Event 'newSessionStarted' logged at 1567133557305 (09:52:37 GMT+0700 (Western Indonesia Time))
[debug] &amp#27;[35m[W3C]&amp#27;[39m Encountered internal error running command: Error: Could not find a connected Android device.
[debug] &amp#27;[35m[W3C]&amp#27;[39m     at /usr/local/lib/node_modules/appium/node_modules/appium-adb/lib/tools/system-calls.js:199:13
[debug] &amp#27;[35m[W3C]&amp#27;[39m     at Generator.next (<anonymous>)
[debug] &amp#27;[35m[W3C]&amp#27;[39m     at asyncGeneratorStep (/usr/local/lib/node_modules/appium/node_modules/@babel/runtime/helpers/asyncToGenerator.js:3:24)
[debug] &amp#27;[35m[W3C]&amp#27;[39m     at _next (/usr/local/lib/node_modules/appium/node_modules/@babel/runtime/helpers/asyncToGenerator.js:25:9)
[debug] &amp#27;[35m[W3C]&amp#27;[39m     at /usr/local/lib/node_modules/appium/node_modules/@babel/runtime/helpers/asyncToGenerator.js:32:7
[debug] &amp#27;[35m[W3C]&amp#27;[39m     at new Promise (<anonymous>)
[debug] &amp#27;[35m[W3C]&amp#27;[39m     at /usr/local/lib/node_modules/appium/node_modules/@babel/runtime/helpers/asyncToGenerator.js:21:12
[debug] &amp#27;[35m[W3C]&amp#27;[39m     at getDevices (/usr/local/lib/node_modules/appium/node_modules/appium-adb/lib/tools/system-calls.js:197:17)
[debug] &amp#27;[35m[W3C]&amp#27;[39m     at getDevices (/usr/local/lib/node_modules/appium/node_modules/appium-adb/lib/tools/system-calls.js:216:20)
[debug] &amp#27;[35m[W3C]&amp#27;[39m     at Generator.next (<anonymous>)
[debug] &amp#27;[35m[W3C]&amp#27;[39m     at asyncGeneratorStep (/usr/local/lib/node_modules/appium/node_modules/@babel/runtime/helpers/asyncToGenerator.js:3:24)
[debug] &amp#27;[35m[W3C]&amp#27;[39m     at _next (/usr/local/lib/node_modules/appium/node_modules/@babel/runtime/helpers/asyncToGenerator.js:25:9)
&amp#27;[35m[HTTP]&amp#27;[39m &amp#27;[37m<-- POST /wd/hub/session &amp#27;[39m&amp#27;[31m500&amp#27;[39m &amp#27;[90m22253 ms - 581&amp#27;[39m
&amp#27;[35m[HTTP]&amp#27;[39m &amp#27;[90m&amp#27;[39m
]]></system-out>
    <system-err><![CDATA[SLF4J: Failed to load class "org.slf4j.impl.StaticLoggerBinder".
SLF4J: Defaulting to no-operation (NOP) logger implementation
SLF4J: See http://www.slf4j.org/codes.html#StaticLoggerBinder for further details.
]]></system-err>
  </testcase>
  <testcase name="beforeMethodStart" classname="com.media2359.tests.a_Authentication" time="0">
    <skipped/>
  </testcase>
  <testcase name="A_001_LaunchApp" classname="com.media2359.tests.a_Authentication" time="0">
    <skipped message="Unable to create a new remote session. Please check the server log for more details. Original error: An unknown server-side error occurred while processing the command. Original error: Could not find a connected Android device.&#10;Build info: version: &apos;3.141.59&apos;, revision: &apos;e82be7d358&apos;, time: &apos;2018-11-14T08:17:03&apos;&#10;System info: host: &apos;2359s-MacBook-Pro.local&apos;, ip: &apos;fe80:0:0:0:10f4:9e46:81fb:214d%en0&apos;, os.name: &apos;Mac OS X&apos;, os.arch: &apos;x86_64&apos;, os.version: &apos;10.14.4&apos;, java.version: &apos;1.8.0_202&apos;&#10;Driver info: driver.version: AndroidDriver&#10;remote stacktrace: UnknownError: An unknown server-side error occurred while processing the command. Original error: Could not find a connected Android device.&#10;    at getResponseForW3CError (/usr/local/lib/node_modules/appium/node_modules/appium-base-driver/lib/protocol/errors.js:826:9)&#10;    at asyncHandler (/usr/local/lib/node_modules/appium/node_modules/appium-base-driver/lib/protocol/protocol.js:447:37)&#10;Build info: version: &apos;3.141.59&apos;, revision: &apos;e82be7d358&apos;, time: &apos;2018-11-14T08:17:03&apos;&#10;System info: host: &apos;2359s-MacBook-Pro.local&apos;, ip: &apos;fe80:0:0:0:10f4:9e46:81fb:214d%en0&apos;, os.name: &apos;Mac OS X&apos;, os.arch: &apos;x86_64&apos;, os.version: &apos;10.14.4&apos;, java.version: &apos;1.8.0_202&apos;&#10;Driver info: driver.version: AndroidDriver"/>
  </testcase>
  <testcase name="screenShot" classname="com.media2359.tests.a_Authentication" time="0">
    <skipped/>
  </testcase>
  <testcase name="tearDown" classname="com.media2359.tests.a_Authentication" time="0">
    <skipped/>
  </testcase>
</testsuite>