<?xml version="1.0" encoding="UTF-8"?>
<!-- Generated by org.testng.reporters.JUnitReportReporter -->
<testsuite skipped="0" hostname="2359s-MacBook-Pro.local" name="com.media2359.tests.a_DutyHour" tests="1" failures="0" timestamp="28 May 2019 03:14:59 GMT" time="6.934" errors="0">
  <testcase name="A_001_ViewContactUs" time="6.934" classname="com.media2359.tests.a_DutyHour"/>
</testsuite> <!-- com.media2359.tests.a_DutyHour -->
