<?xml version="1.0" encoding="UTF-8"?>
<!-- Generated by org.testng.reporters.JUnitReportReporter -->
<testsuite skipped="0" hostname="2359s-MacBook-Pro.local" name="com.media2359.tests.a_Authentication" tests="1" failures="0" timestamp="12 Jul 2019 10:31:13 GMT" time="16.265" errors="0">
  <testcase name="A_001_LaunchApp" time="16.265" classname="com.media2359.tests.a_Authentication"/>
</testsuite> <!-- com.media2359.tests.a_Authentication -->
